f:\作业\数据结构\排序\sort\sort\x64\debug\vc120.pdb
f:\作业\数据结构\排序\sort\sort\x64\debug\qrc_sort.obj
f:\作业\数据结构\排序\sort\sort\x64\debug\sort.obj
f:\作业\数据结构\排序\sort\sort\x64\debug\main.obj
f:\作业\数据结构\排序\sort\sort\x64\debug\sorting.obj
f:\作业\数据结构\排序\sort\sort\x64\debug\moc_sort.obj
f:\作业\数据结构\排序\sort\sort\generatedfiles\ui_sort.h
f:\作业\数据结构\排序\sort\sort\generatedfiles\qrc_sort.cpp
f:\作业\数据结构\排序\sort\sort\generatedfiles\debug\moc_sort.cpp
f:\作业\数据结构\排序\sort\x64\debug\sort.pdb
f:\作业\数据结构\排序\sort\x64\debug\sort.exe
f:\作业\数据结构\排序\sort\x64\debug\sort.ilk
f:\作业\数据结构\排序\sort\sort\x64\debug\sort.tlog\cl.command.1.tlog
f:\作业\数据结构\排序\sort\sort\x64\debug\sort.tlog\cl.read.1.tlog
f:\作业\数据结构\排序\sort\sort\x64\debug\sort.tlog\cl.write.1.tlog
f:\作业\数据结构\排序\sort\sort\x64\debug\sort.tlog\custombuild.command.1.tlog
f:\作业\数据结构\排序\sort\sort\x64\debug\sort.tlog\custombuild.read.1.tlog
f:\作业\数据结构\排序\sort\sort\x64\debug\sort.tlog\custombuild.write.1.tlog
f:\作业\数据结构\排序\sort\sort\x64\debug\sort.tlog\link.command.1.tlog
f:\作业\数据结构\排序\sort\sort\x64\debug\sort.tlog\link.read.1.tlog
f:\作业\数据结构\排序\sort\sort\x64\debug\sort.tlog\link.write.1.tlog
